#
# A fatal error has been detected by the Java Runtime Environment:
#
#  SIGSEGV (0xb) at pc=0xac87bd71, pid=3411, tid=3076163264
#
# JRE version: 6.0_27-b27
# Java VM: OpenJDK Client VM (20.0-b12 mixed mode, sharing linux-x86 )
# Derivative: IcedTea6 1.12.5
# Distribution: Ubuntu 12.04 LTS, package 6b27-1.12.5-0ubuntu0.12.04.1
# Problematic frame:
# C  [libwebkitgtk-1.0.so.0+0x19ed71]  webkitWebViewRegisterForIconNotification+0xe1
#
# If you would like to submit a bug report, please include
# instructions how to reproduce the bug and visit:
#   https://bugs.launchpad.net/ubuntu/+source/openjdk-6/
# The crash happened outside the Java Virtual Machine in native code.
# See problematic frame for where to report the bug.
#

---------------  T H R E A D  ---------------

Current thread (0x09135000):  JavaThread "main" [_thread_in_native, id=3411, stack(0xbff38000,0xbff88000)]

siginfo:si_signo=SIGSEGV: si_errno=0, si_code=1 (SEGV_MAPERR), si_addr=0x00000022

Registers:
EAX=0x00000000, EBX=0xadc3fff4, ECX=0x00000003, EDX=0x00000022
ESP=0xbff8647c, EBP=0x09125490, ESI=0x0910b780, EDI=0x00000003
EIP=0xac87bd71, EFLAGS=0x00210206, CR2=0x00000022

Top of Stack: (sp=0xbff8647c)
0xbff8647c:   ac85207a 098243f8 b72cc3f6 b733dff4
0xbff8648c:   b7760cbf adc3fff4 09389dd0 00000003
0xbff8649c:   ac85210b 0910b780 00000002 00000000
0xbff864ac:   b7761c39 0000000f ac8520f6 b733dff4
0xbff864bc:   b728da7f 0910b780 09389dd0 00000003
0xbff864cc:   b72cc410 090afda0 00000000 b77659f2
0xbff864dc:   b733dff4 09389dd0 00000003 09125490
0xbff864ec:   b728cd86 09389dd0 ac8520f0 0910b780 

Instructions: (pc=0xac87bd71)
0xac87bd51:   eb 8a 8d b6 00 00 00 00 8d bc 27 00 00 00 00 8b
0xac87bd61:   44 24 04 85 c0 74 10 8b 50 44 31 c0 85 d2 74 0f
0xac87bd71:   8b 02 c3 8d 74 26 00 31 c0 8d b6 00 00 00 00 f3
0xac87bd81:   c3 8d b4 26 00 00 00 00 8d bc 27 00 00 00 00 56 

Register to memory mapping:

EAX=0x00000000 is an unknown value
EBX=0xadc3fff4: <offset 0x1562ff4> in /usr/lib/libwebkitgtk-1.0.so.0 at 0xac6dd000
ECX=0x00000003 is an unknown value
EDX=0x00000022 is an unknown value
ESP=0xbff8647c is pointing into the stack for thread: 0x09135000
EBP=0x09125490 is an unknown value
ESI=0x0910b780 is an unknown value
EDI=0x00000003 is an unknown value


Stack: [0xbff38000,0xbff88000],  sp=0xbff8647c,  free space=313k
Native frames: (J=compiled Java code, j=interpreted, Vv=VM code, C=native code)
C  [libwebkitgtk-1.0.so.0+0x19ed71]  webkitWebViewRegisterForIconNotification+0xe1

Java frames: (J=compiled Java code, j=interpreted, Vv=VM code)
j  org.eclipse.swt.internal.gtk.OS._g_main_context_iteration(IZ)Z+0
j  org.eclipse.swt.internal.gtk.OS.g_main_context_iteration(IZ)Z+9
j  org.eclipse.swt.widgets.Display.readAndDispatch()Z+36
j  org.eclipse.ui.internal.Workbench.runEventLoop(Lorg/eclipse/jface/window/Window$IExceptionHandler;Lorg/eclipse/swt/widgets/Display;)V+9
j  org.eclipse.ui.internal.Workbench.runUI()I+555
j  org.eclipse.ui.internal.Workbench.access$4(Lorg/eclipse/ui/internal/Workbench;)I+1
j  org.eclipse.ui.internal.Workbench$7.run()V+73
j  org.eclipse.core.databinding.observable.Realm.runWithDefault(Lorg/eclipse/core/databinding/observable/Realm;Ljava/lang/Runnable;)V+12
j  org.eclipse.ui.internal.Workbench.createAndRunWorkbench(Lorg/eclipse/swt/widgets/Display;Lorg/eclipse/ui/application/WorkbenchAdvisor;)I+18
j  org.eclipse.ui.PlatformUI.createAndRunWorkbench(Lorg/eclipse/swt/widgets/Display;Lorg/eclipse/ui/application/WorkbenchAdvisor;)I+2
j  org.eclipse.ui.internal.ide.application.IDEApplication.start(Lorg/eclipse/equinox/app/IApplicationContext;)Ljava/lang/Object;+108
j  org.eclipse.equinox.internal.app.EclipseAppHandle.run(Ljava/lang/Object;)Ljava/lang/Object;+135
j  org.eclipse.core.runtime.internal.adaptor.EclipseAppLauncher.runApplication(Ljava/lang/Object;)Ljava/lang/Object;+103
j  org.eclipse.core.runtime.internal.adaptor.EclipseAppLauncher.start(Ljava/lang/Object;)Ljava/lang/Object;+29
j  org.eclipse.core.runtime.adaptor.EclipseStarter.run(Ljava/lang/Object;)Ljava/lang/Object;+149
j  org.eclipse.core.runtime.adaptor.EclipseStarter.run([Ljava/lang/String;Ljava/lang/Runnable;)Ljava/lang/Object;+183
v  ~StubRoutines::call_stub
j  sun.reflect.NativeMethodAccessorImpl.invoke0(Ljava/lang/reflect/Method;Ljava/lang/Object;[Ljava/lang/Object;)Ljava/lang/Object;+0
j  sun.reflect.NativeMethodAccessorImpl.invoke(Ljava/lang/Object;[Ljava/lang/Object;)Ljava/lang/Object;+87
j  sun.reflect.DelegatingMethodAccessorImpl.invoke(Ljava/lang/Object;[Ljava/lang/Object;)Ljava/lang/Object;+6
j  java.lang.reflect.Method.invoke(Ljava/lang/Object;[Ljava/lang/Object;)Ljava/lang/Object;+161
j  org.eclipse.equinox.launcher.Main.invokeFramework([Ljava/lang/String;[Ljava/net/URL;)V+211
j  org.eclipse.equinox.launcher.Main.basicRun([Ljava/lang/String;)V+126
j  org.eclipse.equinox.launcher.Main.run([Ljava/lang/String;)I+4
v  ~StubRoutines::call_stub

---------------  P R O C E S S  ---------------

Java Threads: ( => current thread )
  0xb5c41c00 JavaThread "Worker-4" [_thread_blocked, id=3461, stack(0xa9334000,0xa9385000)]
  0xb521f400 JavaThread "Worker-3" [_thread_blocked, id=3460, stack(0xa5632000,0xa5683000)]
  0xb2026c00 JavaThread "Worker-2" [_thread_blocked, id=3459, stack(0xadf87000,0xadfd8000)]
  0xb2026800 JavaThread "Worker-1" [_thread_blocked, id=3458, stack(0xadff4000,0xae045000)]
  0x093e6800 JavaThread "Java indexing" daemon [_thread_blocked, id=3446, stack(0xadcf1000,0xadd42000)]
  0x09458c00 JavaThread "Worker-0" [_thread_blocked, id=3443, stack(0xb1c25000,0xb1c76000)]
  0x09211800 JavaThread "Worker-JM" [_thread_blocked, id=3439, stack(0xb1b7b000,0xb1bcc000)]
  0x091da000 JavaThread "[Timer] - Main Queue Handler" daemon [_thread_blocked, id=3438, stack(0xb1bd4000,0xb1c25000)]
  0x091ca800 JavaThread "Framework Event Dispatcher" daemon [_thread_blocked, id=3436, stack(0xb1c76000,0xb1cc7000)]
  0x091b2000 JavaThread "Start Level Event Dispatcher" daemon [_thread_blocked, id=3435, stack(0xb1cc7000,0xb1d18000)]
  0x091b7800 JavaThread "State Data Manager" daemon [_thread_blocked, id=3434, stack(0xb1d18000,0xb1d69000)]
  0x091c9400 JavaThread "Framework Active Thread" [_thread_blocked, id=3433, stack(0xb1d69000,0xb1dba000)]
  0x0916f000 JavaThread "Low Memory Detector" daemon [_thread_blocked, id=3431, stack(0xb1e3b000,0xb1e8c000)]
  0x0916d000 JavaThread "C1 CompilerThread0" daemon [_thread_blocked, id=3430, stack(0xb1e8c000,0xb1f0d000)]
  0x0916b800 JavaThread "Signal Dispatcher" daemon [_thread_blocked, id=3429, stack(0xb1f0d000,0xb1f5e000)]
  0x09167c00 JavaThread "Finalizer" daemon [_thread_blocked, id=3428, stack(0xb1f5e000,0xb1faf000)]
  0x09163400 JavaThread "Reference Handler" daemon [_thread_blocked, id=3427, stack(0xb1faf000,0xb2000000)]
=>0x09135000 JavaThread "main" [_thread_in_native, id=3411, stack(0xbff38000,0xbff88000)]

Other Threads:
  0x09161800 VMThread [stack: 0xb2148000,0xb21c9000] [id=3426]
  0x09171400 WatcherThread [stack: 0xb1dba000,0xb1e3b000] [id=3432]

VM state:not at safepoint (normal execution)

VM Mutex/Monitor currently owned by a thread: None

Heap
 def new generation   total 12352K, used 4719K [0x6aa80000, 0x6b7e0000, 0x72a80000)
  eden space 11008K,  33% used [0x6aa80000, 0x6ae15788, 0x6b540000)
  from space 1344K,  78% used [0x6b690000, 0x6b796550, 0x6b7e0000)
  to   space 1344K,   0% used [0x6b540000, 0x6b540000, 0x6b690000)
 tenured generation   total 27328K, used 10166K [0x72a80000, 0x74530000, 0x82a80000)
   the space 27328K,  37% used [0x72a80000, 0x7346da20, 0x7346dc00, 0x74530000)
 compacting perm gen  total 28416K, used 28312K [0x82a80000, 0x84640000, 0x92a80000)
   the space 28416K,  99% used [0x82a80000, 0x846260e8, 0x84626200, 0x84640000)
    ro space 10240K,  73% used [0x92a80000, 0x931e4690, 0x931e4800, 0x93480000)
    rw space 12288K,  60% used [0x93480000, 0x93bcc5d8, 0x93bcc600, 0x94080000)

Code Cache  [0xb265d000, 0xb28ad000, 0xb465d000)
 total_blobs=1059 nmethods=883 adapters=111 free_code_cache=31144768 largest_free_block=320

Dynamic libraries:
08048000-0804c000 r-xp 00000000 fc:00 11806218   /usr/lib/eclipse/eclipse
0804c000-0804d000 r--p 00003000 fc:00 11806218   /usr/lib/eclipse/eclipse
0804d000-0804e000 rw-p 00004000 fc:00 11806218   /usr/lib/eclipse/eclipse
0908c000-09883000 rw-p 00000000 00:00 0          [heap]
6aa80000-6b7e0000 rw-p 00000000 00:00 0 
6b7e0000-72a80000 rw-p 00000000 00:00 0 
72a80000-74530000 rw-p 00000000 00:00 0 
74530000-82a80000 rw-p 00000000 00:00 0 
82a80000-84640000 rw-p 00000000 00:00 0 
84640000-92a80000 rw-p 00000000 00:00 0 
92a80000-931e5000 r--s 00001000 fc:00 15597833   /usr/lib/jvm/java-6-openjdk-i386/jre/lib/i386/client/classes.jsa
931e5000-93480000 rw-p 00000000 00:00 0 
93480000-93bcd000 rw-p 00766000 fc:00 15597833   /usr/lib/jvm/java-6-openjdk-i386/jre/lib/i386/client/classes.jsa
93bcd000-94080000 rw-p 00000000 00:00 0 
94080000-9417c000 rw-p 00eb3000 fc:00 15597833   /usr/lib/jvm/java-6-openjdk-i386/jre/lib/i386/client/classes.jsa
9417c000-94480000 rw-p 00000000 00:00 0 
94480000-94488000 r-xs 00faf000 fc:00 15597833   /usr/lib/jvm/java-6-openjdk-i386/jre/lib/i386/client/classes.jsa
94488000-94880000 rw-p 00000000 00:00 0 
a5632000-a5635000 ---p 00000000 00:00 0 
a5635000-a5683000 rw-p 00000000 00:00 0 
a5683000-a5686000 r--s 0001d000 fc:00 15729446   /usr/lib/eclipse/dropins/sdk/plugins/org.eclipse.ui.views.log_1.0.200.dist.jar
a5686000-a5696000 r--s 000d6000 fc:00 15213311   /usr/lib/eclipse/dropins/jdt/plugins/org.eclipse.ant.ui_3.5.101.dist.jar
a5696000-a56b2000 r--s 0013a000 fc:00 15601188   /usr/share/eclipse/plugins/org.eclipse.team.ui_3.6.101.dist.jar
a56b2000-a56d0000 r--s 00172000 fc:00 15601187   /usr/share/eclipse/plugins/org.eclipse.team.cvs.ui_3.3.401.dist.jar
a56d0000-a56d7000 r--s 0004a000 fc:00 15601130   /usr/share/eclipse/plugins/org.eclipse.debug.core_3.7.1.dist.jar
a56d7000-a5991000 rw-p 00000000 00:00 0 
a5991000-a5a41000 r--p 00000000 fc:00 12453005   /usr/share/fonts/truetype/ttf-dejavu/DejaVuSans.ttf
a5a41000-a5a60000 rw-p 00000000 00:00 0 
a5a60000-a5a61000 ---p 00000000 00:00 0 
a5a61000-a6261000 rw-p 00000000 00:00 0 
a6261000-a6262000 ---p 00000000 00:00 0 
a6262000-a6a62000 rw-p 00000000 00:00 0 
a6a62000-a6a63000 ---p 00000000 00:00 0 
a6a63000-a7383000 rw-p 00000000 00:00 0 
a8385000-a8386000 rw-p 00000000 00:00 0 
a9329000-a9332000 r--s 00086000 fc:00 15601212   /usr/share/eclipse/plugins/org.eclipse.update.core_3.2.500.dist.jar
a9332000-a9334000 r--s 00005000 fc:00 15601213   /usr/share/eclipse/plugins/org.eclipse.update.scheduler_3.2.300.dist.jar
a9334000-a9337000 ---p 00000000 00:00 0 
a9337000-a9385000 rw-p 00000000 00:00 0 
a9385000-a9388000 r--s 00017000 fc:00 12193093   /usr/lib/eclipse/plugins/org.eclipse.equinox.p2.metadata.repository_1.2.0.dist.jar
a9388000-a9389000 ---p 00000000 00:00 0 
a9389000-a9b89000 rw-p 00000000 00:00 0 
a9b89000-a9b8d000 rwxp 00000000 00:00 0 
a9b8d000-a9b93000 r--s 00042000 fc:00 15601195   /usr/share/eclipse/plugins/org.eclipse.ui.forms_3.5.101.dist.jar
a9b93000-aa08b000 rw-p 00000000 00:00 0 
aa08c000-aa08d000 r--s 00002000 fc:00 15601169   /usr/share/eclipse/plugins/org.eclipse.equinox.p2.updatechecker_1.1.200.dist.jar
aa08d000-aa091000 r--s 0001a000 fc:00 15601161   /usr/share/eclipse/plugins/org.eclipse.equinox.p2.repository_2.1.1.dist.jar
aa091000-aa098000 r--s 00049000 fc:00 15601157   /usr/share/eclipse/plugins/org.eclipse.equinox.p2.metadata_2.1.0.dist.jar
aa098000-aa09c000 r--s 00028000 fc:00 15601154   /usr/share/eclipse/plugins/org.eclipse.equinox.p2.engine_2.1.1.dist.jar
aa09c000-aa09e000 r--s 0000b000 fc:00 15601158   /usr/share/eclipse/plugins/org.eclipse.equinox.p2.operations_2.1.1.dist.jar
aa09e000-aa0a0000 r--s 0000b000 fc:00 15601166   /usr/share/eclipse/plugins/org.eclipse.equinox.p2.ui.sdk.scheduler_1.0.100.dist.jar
aa0a0000-aa0a2000 r--s 00009000 fc:00 15601200   /usr/share/eclipse/plugins/org.eclipse.ui.net_1.2.100.dist.jar
aa0a2000-aa0a4000 r--s 00013000 fc:00 15601617   /usr/lib/jvm/java-6-openjdk-common/jre/lib/jce.jar
aa0a4000-aa0a7000 r--s 00016000 fc:00 15601172   /usr/share/eclipse/plugins/org.eclipse.equinox.security_1.1.1.dist.jar
aa0a7000-aa0a8000 r--s 0000b000 fc:00 12193100   /usr/lib/eclipse/plugins/org.eclipse.core.net.linux.x86_1.1.200.dist.jar
aa0a8000-aa0aa000 r--s 0000e000 fc:00 15601119   /usr/share/eclipse/plugins/org.eclipse.core.net_1.2.100.dist.jar
aa0aa000-aa0ab000 ---p 00000000 00:00 0 
aa0ab000-aa9cb000 rw-p 00000000 00:00 0 
aa9cb000-aa9cf000 r-xp 00000000 fc:00 3015691    /lib/i386-linux-gnu/libuuid.so.1.3.0
aa9cf000-aa9d0000 r--p 00003000 fc:00 3015691    /lib/i386-linux-gnu/libuuid.so.1.3.0
aa9d0000-aa9d1000 rw-p 00004000 fc:00 3015691    /lib/i386-linux-gnu/libuuid.so.1.3.0
aa9d1000-aa9e7000 r-xp 00000000 fc:00 11538829   /usr/lib/i386-linux-gnu/libICE.so.6.3.0
aa9e7000-aa9e8000 r--p 00015000 fc:00 11538829   /usr/lib/i386-linux-gnu/libICE.so.6.3.0
aa9e8000-aa9e9000 rw-p 00016000 fc:00 11538829   /usr/lib/i386-linux-gnu/libICE.so.6.3.0
aa9e9000-aa9eb000 rw-p 00000000 00:00 0 
aa9eb000-aa9f2000 r-xp 00000000 fc:00 11538872   /usr/lib/i386-linux-gnu/libSM.so.6.0.1
aa9f2000-aa9f3000 r--p 00006000 fc:00 11538872   /usr/lib/i386-linux-gnu/libSM.so.6.0.1
aa9f3000-aa9f4000 rw-p 00007000 fc:00 11538872   /usr/lib/i386-linux-gnu/libSM.so.6.0.1
aa9f4000-abb63000 r-xp 00000000 fc:00 11537293   /usr/lib/libicudata.so.48.1.1
abb63000-abb64000 r--p 0116e000 fc:00 11537293   /usr/lib/libicudata.so.48.1.1
abb64000-abb65000 rw-p 0116f000 fc:00 11537293   /usr/lib/libicudata.so.48.1.1
abb65000-abbf0000 r-xp 00000000 fc:00 11539290   /usr/lib/i386-linux-gnu/liborc-0.4.so.0.16.0
abbf0000-abbf1000 r--p 0008a000 fc:00 11539290   /usr/lib/i386-linux-gnu/liborc-0.4.so.0.16.0
abbf1000-abbf5000 rw-p 0008b000 fc:00 11539290   /usr/lib/i386-linux-gnu/liborc-0.4.so.0.16.0
abbf5000-abc19000 r-xp 00000000 fc:00 11534623   /usr/lib/i386-linux-gnu/libdbus-glib-1.so.2.2.2
abc19000-abc1a000 r--p 00023000 fc:00 11534623   /usr/lib/i386-linux-gnu/libdbus-glib-1.so.2.2.2
abc1a000-abc1b000 rw-p 00024000 fc:00 11534623   /usr/lib/i386-linux-gnu/libdbus-glib-1.so.2.2.2
abc1b000-abc73000 r-xp 00000000 fc:00 11538913   /usr/lib/i386-linux-gnu/libXt.so.6.0.0
abc73000-abc74000 r--p 00057000 fc:00 11538913   /usr/lib/i386-linux-gnu/libXt.so.6.0.0
abc74000-abc77000 rw-p 00058000 fc:00 11538913   /usr/lib/i386-linux-gnu/libXt.so.6.0.0
abc77000-abdcd000 r-xp 00000000 fc:00 11537307   /usr/lib/libicuuc.so.48.1.1
abdcd000-abdd7000 r--p 00155000 fc:00 11537307   /usr/lib/libicuuc.so.48.1.1
abdd7000-abdd8000 rw-p 0015f000 fc:00 11537307   /usr/lib/libicuuc.so.48.1.1
abdd8000-abddc000 rw-p 00000000 00:00 0 
abddc000-abfaa000 r-xp 00000000 fc:00 11537295   /usr/lib/libicui18n.so.48.1.1
abfaa000-abfab000 ---p 001ce000 fc:00 11537295   /usr/lib/libicui18n.so.48.1.1
abfab000-abfb1000 r--p 001ce000 fc:00 11537295   /usr/lib/libicui18n.so.48.1.1
abfb1000-abfb2000 rw-p 001d4000 fc:00 11537295   /usr/lib/libicui18n.so.48.1.1
abfb2000-abfb3000 rw-p 00000000 00:00 0 
abfb3000-ac055000 r-xp 00000000 fc:00 11535335   /usr/lib/i386-linux-gnu/libsqlite3.so.0.8.6
ac055000-ac056000 r--p 000a2000 fc:00 11535335   /usr/lib/i386-linux-gnu/libsqlite3.so.0.8.6
ac056000-ac057000 rw-p 000a3000 fc:00 11535335   /usr/lib/i386-linux-gnu/libsqlite3.so.0.8.6
ac057000-ac058000 rw-p 00000000 00:00 0 
ac058000-ac092000 r-xp 00000000 fc:00 11538521   /usr/lib/i386-linux-gnu/libxslt.so.1.1.26
ac092000-ac093000 r--p 0003a000 fc:00 11538521   /usr/lib/i386-linux-gnu/libxslt.so.1.1.26
ac093000-ac094000 rw-p 0003b000 fc:00 11538521   /usr/lib/i386-linux-gnu/libxslt.so.1.1.26
ac094000-ac0d9000 r-xp 00000000 fc:00 11539190   /usr/lib/i386-linux-gnu/libjpeg.so.8.0.2
ac0d9000-ac0da000 r--p 00044000 fc:00 11539190   /usr/lib/i386-linux-gnu/libjpeg.so.8.0.2
ac0da000-ac0db000 rw-p 00045000 fc:00 11539190   /usr/lib/i386-linux-gnu/libjpeg.so.8.0.2
ac0db000-ac0eb000 rw-p 00000000 00:00 0 
ac0eb000-ac1ce000 r-xp 00000000 fc:00 11539165   /usr/lib/i386-linux-gnu/libgstreamer-0.10.so.0.30.0
ac1ce000-ac1d1000 r--p 000e2000 fc:00 11539165   /usr/lib/i386-linux-gnu/libgstreamer-0.10.so.0.30.0
ac1d1000-ac1d2000 rw-p 000e5000 fc:00 11539165   /usr/lib/i386-linux-gnu/libgstreamer-0.10.so.0.30.0
ac1d2000-ac1d3000 rw-p 00000000 00:00 0 
ac1d3000-ac231000 r-xp 00000000 fc:00 11539141   /usr/lib/i386-linux-gnu/libgstbase-0.10.so.0.30.0
ac231000-ac232000 r--p 0005d000 fc:00 11539141   /usr/lib/i386-linux-gnu/libgstbase-0.10.so.0.30.0
ac232000-ac233000 rw-p 0005e000 fc:00 11539141   /usr/lib/i386-linux-gnu/libgstbase-0.10.so.0.30.0
ac233000-ac24f000 r-xp 00000000 fc:00 11544255   /usr/lib/i386-linux-gnu/libgstvideo-0.10.so.0.25.0
ac24f000-ac250000 r--p 0001b000 fc:00 11544255   /usr/lib/i386-linux-gnu/libgstvideo-0.10.so.0.25.0
ac250000-ac251000 rw-p 0001c000 fc:00 11544255   /usr/lib/i386-linux-gnu/libgstvideo-0.10.so.0.25.0
ac251000-ac271000 r-xp 00000000 fc:00 11544254   /usr/lib/i386-linux-gnu/libgstpbutils-0.10.so.0.25.0
ac271000-ac272000 ---p 00020000 fc:00 11544254   /usr/lib/i386-linux-gnu/libgstpbutils-0.10.so.0.25.0
ac272000-ac273000 r--p 00020000 fc:00 11544254   /usr/lib/i386-linux-gnu/libgstpbutils-0.10.so.0.25.0
ac273000-ac274000 rw-p 00021000 fc:00 11544254   /usr/lib/i386-linux-gnu/libgstpbutils-0.10.so.0.25.0
ac274000-ac283000 r-xp 00000000 fc:00 11544258   /usr/lib/i386-linux-gnu/libgstinterfaces-0.10.so.0.25.0
ac283000-ac284000 r--p 0000f000 fc:00 11544258   /usr/lib/i386-linux-gnu/libgstinterfaces-0.10.so.0.25.0
ac284000-ac285000 rw-p 00010000 fc:00 11544258   /usr/lib/i386-linux-gnu/libgstinterfaces-0.10.so.0.25.0
ac285000-ac290000 r-xp 00000000 fc:00 11540147   /usr/lib/i386-linux-gnu/libgstapp-0.10.so.0.25.0
ac290000-ac291000 r--p 0000a000 fc:00 11540147   /usr/lib/i386-linux-gnu/libgstapp-0.10.so.0.25.0
ac291000-ac292000 rw-p 0000b000 fc:00 11540147   /usr/lib/i386-linux-gnu/libgstapp-0.10.so.0.25.0
ac292000-ac2a4000 r-xp 00000000 fc:00 11537208   /usr/lib/libgeoclue.so.0.0.0
ac2a4000-ac2a5000 r--p 00011000 fc:00 11537208   /usr/lib/libgeoclue.so.0.0.0
ac2a5000-ac2a6000 rw-p 00012000 fc:00 11537208   /usr/lib/libgeoclue.so.0.0.0
ac2a6000-ac2b0000 r-xp 00000000 fc:00 11537160   /usr/lib/libenchant.so.1.6.0
ac2b0000-ac2b1000 r--p 00009000 fc:00 11537160   /usr/lib/libenchant.so.1.6.0
ac2b1000-ac2b2000 rw-p 0000a000 fc:00 11537160   /usr/lib/libenchant.so.1.6.0
ac2b2000-ac659000 r-xp 00000000 fc:00 11537194   /usr/lib/libjavascriptcoregtk-1.0.so.0.13.4
ac659000-ac660000 r--p 003a6000 fc:00 11537194   /usr/lib/libjavascriptcoregtk-1.0.so.0.13.4
ac660000-ac664000 rw-p 003ad000 fc:00 11537194   /usr/lib/libjavascriptcoregtk-1.0.so.0.13.4
ac664000-ac675000 rw-p 00000000 00:00 0 
ac675000-ac6da000 r-xp 00000000 fc:00 11539387   /usr/lib/i386-linux-gnu/libsoup-2.4.so.1.5.0
ac6da000-ac6db000 r--p 00064000 fc:00 11539387   /usr/lib/i386-linux-gnu/libsoup-2.4.so.1.5.0
ac6db000-ac6dc000 rw-p 00065000 fc:00 11539387   /usr/lib/i386-linux-gnu/libsoup-2.4.so.1.5.0
ac6dc000-ac6dd000 rw-p 00000000 00:00 0 
ac6dd000-adb88000 r-xp 00000000 fc:00 11538132   /usr/lib/libwebkitgtk-1.0.so.0.13.4
adb88000-adb89000 ---p 014ab000 fc:00 11538132   /usr/lib/libwebkitgtk-1.0.so.0.13.4
adb89000-adc40000 r--p 014ab000 fc:00 11538132   /usr/lib/libwebkitgtk-1.0.so.0.13.4
adc40000-adc49000 rw-p 01562000 fc:00 11538132   /usr/lib/libwebkitgtk-1.0.so.0.13.4
adc49000-adc50000 rw-p 00000000 00:00 0 
adc50000-adc54000 rwxp 00000000 00:00 0 
adc54000-adc58000 r-xp 00000000 fc:00 11535429   /usr/lib/i386-linux-gnu/gio/modules/libgiognomeproxy.so
adc58000-adc59000 r--p 00003000 fc:00 11535429   /usr/lib/i386-linux-gnu/gio/modules/libgiognomeproxy.so
adc59000-adc5a000 rw-p 00004000 fc:00 11535429   /usr/lib/i386-linux-gnu/gio/modules/libgiognomeproxy.so
adc5a000-adc6a000 rw-p 00000000 00:00 0 
adc6a000-adc72000 r-xp 00000000 fc:00 15601916   /usr/lib/jni/libswt-webkit-gtk-3740.so
adc72000-adc73000 r--p 00007000 fc:00 15601916   /usr/lib/jni/libswt-webkit-gtk-3740.so
adc73000-adc74000 rw-p 00008000 fc:00 15601916   /usr/lib/jni/libswt-webkit-gtk-3740.so
adc74000-adc7a000 r--s 00044000 fc:00 15601198   /usr/share/eclipse/plugins/org.eclipse.ui.intro_3.4.100.dist.jar
adc7a000-adc7c000 r--s 00013000 fc:00 15601111   /usr/share/eclipse/plugins/org.eclipse.ui.intro.universal_3.2.500.dist/universal.jar
adc7c000-adc80000 r--s 0001c000 fc:00 15601194   /usr/share/eclipse/plugins/org.eclipse.ui.externaltools_3.2.0.dist.jar
adc80000-adc89000 r--s 00054000 fc:00 15601184   /usr/share/eclipse/plugins/org.eclipse.team.core_3.6.0.dist.jar
adc89000-adc8c000 r--s 00017000 fc:00 15601117   /usr/share/eclipse/plugins/org.eclipse.core.filebuffers_3.5.200.dist.jar
adc8c000-adc95000 r--s 00066000 fc:00 15601183   /usr/share/eclipse/plugins/org.eclipse.search_3.7.0.dist.jar
adc95000-adcc7000 r--s 00233000 fc:00 15601131   /usr/share/eclipse/plugins/org.eclipse.debug.ui_3.7.102.dist.jar
adcc7000-adcd2000 r--s 0007f000 fc:00 15601211   /usr/share/eclipse/plugins/org.eclipse.ui.workbench.texteditor_3.7.0.dist.jar
adcd2000-adcde000 r--s 0007d000 fc:00 15601193   /usr/share/eclipse/plugins/org.eclipse.ui.editors_3.7.0.dist.jar
adcde000-adcf1000 r--s 000d6000 fc:00 15601178   /usr/share/eclipse/plugins/org.eclipse.jface.text_3.7.2.dist.jar
adcf1000-adcf4000 ---p 00000000 00:00 0 
adcf4000-add42000 rw-p 00000000 00:00 0 
add42000-add6b000 r--s 00440000 fc:00 12193097   /usr/lib/eclipse/plugins/org.eclipse.jdt.core_3.7.3.dist.jar
add6b000-ade00000 r--s 008ff000 fc:00 15213325   /usr/lib/eclipse/dropins/jdt/plugins/org.eclipse.jdt.ui_3.7.2.dist.jar
ade00000-ade5e000 rw-p 00000000 00:00 0 
ade5e000-adf00000 ---p 00000000 00:00 0 
adf00000-adf01000 rw-p 00000000 00:00 0 
adf01000-adf04000 r--s 00011000 fc:00 15213317   /usr/lib/eclipse/dropins/jdt/plugins/org.eclipse.jdt.core.manipulation_1.4.0.dist.jar
adf04000-adf09000 r--s 00035000 fc:00 15601189   /usr/share/eclipse/plugins/org.eclipse.text_3.5.101.dist.jar
adf09000-adf0a000 r--s 0000c000 fc:00 15213316   /usr/lib/eclipse/dropins/jdt/plugins/org.eclipse.jdt.compiler.tool_1.0.100.dist.jar
adf0a000-adf0d000 r--s 00022000 fc:00 15213315   /usr/lib/eclipse/dropins/jdt/plugins/org.eclipse.jdt.compiler.apt_1.0.400.dist.jar
adf0d000-adf16000 r--s 00056000 fc:00 12193099   /usr/lib/eclipse/plugins/org.eclipse.ui.navigator_3.5.101.dist.jar
adf16000-adf19000 r--s 00012000 fc:00 15601203   /usr/share/eclipse/plugins/org.eclipse.ui.views_3.6.0.dist.jar
adf19000-adf1d000 r--s 00018000 fc:00 15601199   /usr/share/eclipse/plugins/org.eclipse.ui.navigator.resources_3.4.300.dist.jar
adf1d000-adf29000 r-xp 00000000 fc:00 15601553   /usr/lib/jni/libswt-cairo-gtk-3740.so
adf29000-adf2a000 r--p 0000c000 fc:00 15601553   /usr/lib/jni/libswt-cairo-gtk-3740.so
adf2a000-adf2b000 rw-p 0000d000 fc:00 15601553   /usr/lib/jni/libswt-cairo-gtk-3740.so
adf2b000-adf2e000 rw-s 00000000 00:04 2195459    /SYSV00000000 (deleted)
adf2e000-adf78000 r--s 003aa000 fc:00 15729426   /usr/lib/eclipse/dropins/sdk/plugins/org.eclipse.pde.ui_3.6.100.dist.jar
adf78000-adf7a000 r--s 00008000 fc:00 15213326   /usr/lib/eclipse/dropins/jdt/plugins/org.eclipse.jdt_3.7.2.dist.jar
adf7a000-adf7b000 r--s 00002000 fc:00 15601129   /usr/share/eclipse/plugins/org.eclipse.cvs_1.1.100.dist.jar
adf7b000-adf7c000 r--s 00002000 fc:00 12193078   /usr/lib/eclipse/plugins/org.eclipse.rcp_3.7.2.dist.jar
adf7c000-adf83000 r--s 0005b000 fc:00 12193096   /usr/lib/eclipse/plugins/org.eclipse.help.base_3.6.2.dist.jar
adf83000-adf85000 r--s 0000e000 fc:00 15729427   /usr/lib/eclipse/dropins/sdk/plugins/org.eclipse.pde_3.7.2.dist.jar
adf85000-adf87000 r--s 00016000 fc:00 12193081   /usr/lib/eclipse/plugins/org.eclipse.update.configurator_3.3.100.dist.jar
adf87000-adf8a000 ---p 00000000 00:00 0 
adf8a000-adfd8000 rw-p 00000000 00:00 0 
adfd8000-adfdd000 r--s 00038000 fc:00 15601177   /usr/share/eclipse/plugins/org.eclipse.help_3.5.100.dist.jar
adfdd000-adfe1000 r--s 00021000 fc:00 15729417   /usr/lib/eclipse/dropins/sdk/plugins/org.eclipse.pde.runtime_3.4.201.dist.jar
adfe1000-adfe9000 r--s 00046000 fc:00 15601191   /usr/share/eclipse/plugins/org.eclipse.ui.cheatsheets_3.4.100.dist.jar
adfe9000-adff4000 r--s 0006e000 fc:00 15601175   /usr/share/eclipse/plugins/org.eclipse.help.ui_3.5.101.dist.jar
adff4000-adff7000 ---p 00000000 00:00 0 
adff7000-ae045000 rw-p 00000000 00:00 0 
ae045000-ae050000 r--s 000b8000 fc:00 12193089   /usr/lib/eclipse/plugins/org.eclipse.core.resources_3.7.101.dist.jar
ae050000-ae0a2000 r--p 00000000 fc:00 12453031   /usr/share/fonts/truetype/ubuntu-font-family/Ubuntu-B.ttf
ae0a2000-ae0a3000 ---p 00000000 00:00 0 
ae0a3000-ae8a3000 rw-p 00000000 00:00 0 
ae8a3000-ae8a4000 ---p 00000000 00:00 0 
ae8a4000-af0a4000 rw-p 00000000 00:00 0 
af0a4000-af0a5000 ---p 00000000 00:00 0 
af0a5000-af8a5000 rw-p 00000000 00:00 0 
af8a5000-af9ec000 r-xp 00000000 fc:00 11537989   /usr/lib/i386-linux-gnu/libxml2.so.2.7.8
af9ec000-af9f0000 r--p 00147000 fc:00 11537989   /usr/lib/i386-linux-gnu/libxml2.so.2.7.8
af9f0000-af9f1000 rw-p 0014b000 fc:00 11537989   /usr/lib/i386-linux-gnu/libxml2.so.2.7.8
af9f1000-af9f2000 rw-p 00000000 00:00 0 
af9f2000-afa2a000 r-xp 00000000 fc:00 11538992   /usr/lib/i386-linux-gnu/libcroco-0.6.so.3.0.1
afa2a000-afa2b000 ---p 00038000 fc:00 11538992   /usr/lib/i386-linux-gnu/libcroco-0.6.so.3.0.1
afa2b000-afa2d000 r--p 00038000 fc:00 11538992   /usr/lib/i386-linux-gnu/libcroco-0.6.so.3.0.1
afa2d000-afa2e000 rw-p 0003a000 fc:00 11538992   /usr/lib/i386-linux-gnu/libcroco-0.6.so.3.0.1
afa2e000-afa65000 r-xp 00000000 fc:00 11539362   /usr/lib/i386-linux-gnu/librsvg-2.so.2.36.1
afa65000-afa66000 r--p 00036000 fc:00 11539362   /usr/lib/i386-linux-gnu/librsvg-2.so.2.36.1
afa66000-afa67000 rw-p 00037000 fc:00 11539362   /usr/lib/i386-linux-gnu/librsvg-2.so.2.36.1
afa67000-afa6c000 r--s 00027000 fc:00 15601190   /usr/share/eclipse/plugins/org.eclipse.ui.browser_3.3.101.dist.jar
afa6c000-afa6e000 r--s 00012000 fc:00 12193063   /usr/lib/eclipse/plugins/org.eclipse.core.expressions_3.4.300.dist.jar
afa6e000-afa76000 r--s 0003d000 fc:00 12193060   /usr/lib/eclipse/plugins/org.eclipse.core.databinding.observable_1.4.0.dist.jar
afa76000-afa7f000 r--s 00037000 fc:00 12193076   /usr/lib/eclipse/plugins/org.eclipse.jface.databinding_1.5.0.dist.jar
afa7f000-afa81000 r--s 00013000 fc:00 12193058   /usr/lib/eclipse/plugins/org.eclipse.core.contenttype_3.4.100.dist.jar
afa81000-b0c98000 r--p 00000000 fc:00 12846149   /usr/share/icons/hicolor/icon-theme.cache
b0c98000-b1583000 r--p 00000000 fc:00 12850604   /usr/share/icons/gnome/icon-theme.cache
b1583000-b166c000 r--p 00000000 fc:00 12459077   /usr/share/icons/Humanity/icon-theme.cache
b166c000-b168f000 r--p 00000000 fc:00 12845229   /usr/share/icons/ubuntu-mono-dark/icon-theme.cache
b168f000-b169f000 r-xp 00000000 fc:00 11538750   /usr/lib/i386-linux-gnu/gio/modules/libgioremote-volume-monitor.so
b169f000-b16a0000 r--p 0000f000 fc:00 11538750   /usr/lib/i386-linux-gnu/gio/modules/libgioremote-volume-monitor.so
b16a0000-b16a1000 rw-p 00010000 fc:00 11538750   /usr/lib/i386-linux-gnu/gio/modules/libgioremote-volume-monitor.so
b16a1000-b1746000 r--p 00000000 fc:00 12453004   /usr/share/fonts/truetype/ttf-dejavu/DejaVuSans-Bold.ttf
b1746000-b1754000 r-xp 00000000 fc:00 3015602    /lib/i386-linux-gnu/libudev.so.0.13.0
b1754000-b1755000 r--p 0000e000 fc:00 3015602    /lib/i386-linux-gnu/libudev.so.0.13.0
b1755000-b1756000 rw-p 0000f000 fc:00 3015602    /lib/i386-linux-gnu/libudev.so.0.13.0
b1756000-b1757000 rw-p 00000000 00:00 0 
b1757000-b1762000 r--p 00000000 fc:00 12586473   /usr/share/icons/Humanity-Dark/icon-theme.cache
b1762000-b176e000 r-xp 00000000 fc:00 15601537   /usr/lib/jni/libswt-atk-gtk-3740.so
b176e000-b176f000 r--p 0000b000 fc:00 15601537   /usr/lib/jni/libswt-atk-gtk-3740.so
b176f000-b1770000 rw-p 0000c000 fc:00 15601537   /usr/lib/jni/libswt-atk-gtk-3740.so
b1770000-b1799000 r-xp 00000000 fc:00 11538751   /usr/lib/i386-linux-gnu/gio/modules/libgvfsdbus.so
b1799000-b179a000 r--p 00028000 fc:00 11538751   /usr/lib/i386-linux-gnu/gio/modules/libgvfsdbus.so
b179a000-b179b000 rw-p 00029000 fc:00 11538751   /usr/lib/i386-linux-gnu/gio/modules/libgvfsdbus.so
b179b000-b17df000 r-xp 00000000 fc:00 11539203   /usr/lib/i386-linux-gnu/libibus-1.0.so.0.401.0
b17df000-b17e0000 r--p 00043000 fc:00 11539203   /usr/lib/i386-linux-gnu/libibus-1.0.so.0.401.0
b17e0000-b17e1000 rw-p 00044000 fc:00 11539203   /usr/lib/i386-linux-gnu/libibus-1.0.so.0.401.0
b17e1000-b17e2000 r-xp 00000000 fc:00 11539815   /usr/lib/i386-linux-gnu/gdk-pixbuf-2.0/2.10.0/loaders/libpixbufloader-svg.so
b17e2000-b17e3000 r--p 00000000 fc:00 11539815   /usr/lib/i386-linux-gnu/gdk-pixbuf-2.0/2.10.0/loaders/libpixbufloader-svg.so
b17e3000-b17e4000 rw-p 00001000 fc:00 11539815   /usr/lib/i386-linux-gnu/gdk-pixbuf-2.0/2.10.0/loaders/libpixbufloader-svg.so
b17e4000-b17f9000 r-xp 00000000 fc:00 11538755   /usr/lib/i386-linux-gnu/gvfs/libgvfscommon.so
b17f9000-b17fa000 r--p 00014000 fc:00 11538755   /usr/lib/i386-linux-gnu/gvfs/libgvfscommon.so
b17fa000-b17fb000 rw-p 00015000 fc:00 11538755   /usr/lib/i386-linux-gnu/gvfs/libgvfscommon.so
b17fb000-b1801000 r-xp 00000000 fc:00 11539967   /usr/lib/i386-linux-gnu/gtk-2.0/2.10.0/immodules/im-ibus.so
b1801000-b1802000 r--p 00005000 fc:00 11539967   /usr/lib/i386-linux-gnu/gtk-2.0/2.10.0/immodules/im-ibus.so
b1802000-b1803000 rw-p 00006000 fc:00 11539967   /usr/lib/i386-linux-gnu/gtk-2.0/2.10.0/immodules/im-ibus.so
b1803000-b182a000 r--s 00208000 fc:00 15601197   /usr/share/eclipse/plugins/org.eclipse.ui.ide_3.7.0.dist.jar
b182a000-b182e000 r-xp 00000000 fc:00 11539811   /usr/lib/i386-linux-gnu/gdk-pixbuf-2.0/2.10.0/loaders/libpixbufloader-png.so
b182e000-b182f000 r--p 00003000 fc:00 11539811   /usr/lib/i386-linux-gnu/gdk-pixbuf-2.0/2.10.0/loaders/libpixbufloader-png.so
b182f000-b1830000 rw-p 00004000 fc:00 11539811   /usr/lib/i386-linux-gnu/gdk-pixbuf-2.0/2.10.0/loaders/libpixbufloader-png.so
b1830000-b1835000 r-xp 00000000 fc:00 11539805   /usr/lib/i386-linux-gnu/gdk-pixbuf-2.0/2.10.0/loaders/libpixbufloader-gif.so
b1835000-b1836000 r--p 00005000 fc:00 11539805   /usr/lib/i386-linux-gnu/gdk-pixbuf-2.0/2.10.0/loaders/libpixbufloader-gif.so
b1836000-b1837000 rw-p 00006000 fc:00 11539805   /usr/lib/i386-linux-gnu/gdk-pixbuf-2.0/2.10.0/loaders/libpixbufloader-gif.so
b1837000-b1838000 rw-p 00000000 00:00 0 
b1838000-b188a000 r--p 00000000 fc:00 12453007   /usr/share/fonts/truetype/ttf-dejavu/DejaVuSansMono.ttf
b188a000-b18e1000 r--p 00000000 fc:00 12453036   /usr/share/fonts/truetype/ubuntu-font-family/Ubuntu-R.ttf
b18e1000-b18e3000 r-xp 00000000 fc:00 11539534   /usr/lib/i386-linux-gnu/pango/1.6.0/modules/pango-basic-fc.so
b18e3000-b18e4000 r--p 00001000 fc:00 11539534   /usr/lib/i386-linux-gnu/pango/1.6.0/modules/pango-basic-fc.so
b18e4000-b18e5000 rw-p 00002000 fc:00 11539534   /usr/lib/i386-linux-gnu/pango/1.6.0/modules/pango-basic-fc.so
b18e5000-b18e6000 r--s 00000000 fc:00 15472854   /var/cache/fontconfig/c05880de57d1f5e948fdfacc138775d9-le32d4.cache-3
b18e6000-b18ec000 r--s 00000000 fc:00 15466647   /var/cache/fontconfig/945677eb7aeaf62f1d50efc3fb3ec7d8-le32d4.cache-3
b18ec000-b18ee000 r--s 00000000 fc:00 15472852   /var/cache/fontconfig/99e8ed0e538f840c565b6ed5dad60d56-le32d4.cache-3
b18ee000-b18f1000 r--s 00000000 fc:00 15472851   /var/cache/fontconfig/2cd17615ca594fa2959ae173292e504c-le32d4.cache-3
b18f1000-b18f2000 r--s 00000000 fc:00 15472850   /var/cache/fontconfig/e7071f4a29fa870f4323321c154eba04-le32d4.cache-3
b18f2000-b18f4000 r--s 00000000 fc:00 15471728   /var/cache/fontconfig/b5ea634b0fb353b8ea17632d1f9ef766-le32d4.cache-3
b18f4000-b18f5000 r--s 00000000 fc:00 15472849   /var/cache/fontconfig/0d8c3b2ac0904cb8a57a757ad11a4a08-le32d4.cache-3
b18f5000-b18f9000 r--s 00000000 fc:00 15472834   /var/cache/fontconfig/a755afe4a08bf5b97852ceb7400b47bc-le32d4.cache-3
b18f9000-b1900000 r--s 00000000 fc:00 15472833   /var/cache/fontconfig/6d41288fd70b0be22e8c3a91e032eec0-le32d4.cache-3
b1900000-b190b000 r--s 00000000 fc:00 15472832   /var/cache/fontconfig/04aabc0a78ac019cf9454389977116d2-le32d4.cache-3
b190b000-b190e000 r--s 00000000 fc:00 15472826   /var/cache/fontconfig/385c0604a188198f04d133e54aba7fe7-le32d4.cache-3
b190e000-b190f000 r--s 00000000 fc:00 15469553   /var/cache/fontconfig/4794a0821666d79190d59a36cb4f44b5-le32d4.cache-3
b190f000-b1912000 r--s 00000000 fc:00 15472775   /var/cache/fontconfig/8801497958630a81b71ace7c5f9b32a8-le32d4.cache-3
b1912000-b1916000 r--s 00000000 fc:00 15472774   /var/cache/fontconfig/3047814df9a2f067bd2d96a2b9c36e5a-le32d4.cache-3
b1916000-b191b000 r-xp 00000000 fc:00 11538915   /usr/lib/i386-linux-gnu/libXtst.so.6.1.0
b191b000-b191c000 r--p 00004000 fc:00 11538915   /usr/lib/i386-linux-gnu/libXtst.so.6.1.0
b191c000-b191d000 rw-p 00005000 fc:00 11538915   /usr/lib/i386-linux-gnu/libXtst.so.6.1.0
b191d000-b191e000 r-xp 00000000 fc:00 11534711   /usr/lib/i386-linux-gnu/libgthread-2.0.so.0.3200.3
b191e000-b191f000 r--p 00000000 fc:00 11534711   /usr/lib/i386-linux-gnu/libgthread-2.0.so.0.3200.3
b191f000-b1920000 rw-p 00001000 fc:00 11534711   /usr/lib/i386-linux-gnu/libgthread-2.0.so.0.3200.3
b1920000-b1924000 r--s 00000000 fc:00 15472770   /var/cache/fontconfig/b47c4e1ecd0709278f4910c18777a504-le32d4.cache-3
b1924000-b1931000 r--s 00000000 fc:00 15472769   /var/cache/fontconfig/d52a8644073d54c13679302ca1180695-le32d4.cache-3
b1931000-b1933000 r--s 00000000 fc:00 15466644   /var/cache/fontconfig/e13b20fdb08344e0e664864cc2ede53d-le32d4.cache-3
b1933000-b1936000 r--s 00000000 fc:00 15471923   /var/cache/fontconfig/7ef2298fde41cc6eeb7af42e48b7d293-le32d4.cache-3
b1936000-b193a000 rwxp 00000000 00:00 0 
b193a000-b19b1000 r-xp 00000000 fc:00 15601540   /usr/lib/jni/libswt-pi-gtk-3740.so
b19b1000-b19b2000 r--p 00077000 fc:00 15601540   /usr/lib/jni/libswt-pi-gtk-3740.so
b19b2000-b19b4000 rw-p 00078000 fc:00 15601540   /usr/lib/jni/libswt-pi-gtk-3740.so
b19b4000-b19b5000 rw-p 00000000 00:00 0 
b19b5000-b19b9000 r-xp 00000000 fc:00 15601539   /usr/lib/jni/libswt-gtk-3740.so
b19b9000-b19ba000 r--p 00003000 fc:00 15601539   /usr/lib/jni/libswt-gtk-3740.so
b19ba000-b19bb000 rw-p 00004000 fc:00 15601539   /usr/lib/jni/libswt-gtk-3740.so
b19bb000-b19bc000 rw-p 00000000 00:00 0 
b19bc000-b19c0000 r--s 00015000 fc:00 12193057   /usr/lib/eclipse/plugins/org.eclipse.core.commands_3.6.0.dist.jar
b19c0000-b19c4000 r--s 0001e000 fc:00 12193080   /usr/lib/eclipse/plugins/org.eclipse.ui_3.7.0.dist.jar
b19c4000-b1a00000 r--s 005fe000 fc:00 11938093   /usr/share/java/com.ibm.icu-4.4.jar
b1a00000-b1af7000 rw-p 00000000 00:00 0 
b1af7000-b1b00000 ---p 00000000 00:00 0 
b1b00000-b1b01000 r--s 00000000 fc:00 15472772   /var/cache/fontconfig/56cf4f4769d0f4abc89a4895d7bd3ae1-le32d4.cache-3
b1b01000-b1b15000 r--s 0018b000 fc:00 15601548   /usr/lib/java/swt-gtk-3.7.2.jar
b1b15000-b1b29000 r--s 000eb000 fc:00 12193077   /usr/lib/eclipse/plugins/org.eclipse.jface_3.7.0.dist.jar
b1b29000-b1b2a000 r--s 00000000 fc:00 15601207   /usr/share/eclipse/plugins/org.eclipse.ui.workbench.compatibility_3.2.100.dist/compatibility.jar
b1b2a000-b1b71000 r--s 0039a000 fc:00 12193079   /usr/lib/eclipse/plugins/org.eclipse.ui.workbench_3.7.1.dist.jar
b1b71000-b1b73000 r--s 0000d000 fc:00 15601196   /usr/share/eclipse/plugins/org.eclipse.ui.ide.application_1.0.300.dist.jar
b1b73000-b1b74000 r--s 00006000 fc:00 15601153   /usr/share/eclipse/plugins/org.eclipse.equinox.p2.directorywatcher_1.0.300.dist.jar
b1b74000-b1b76000 r--s 0000e000 fc:00 15601151   /usr/share/eclipse/plugins/org.eclipse.equinox.p2.core_2.1.1.dist.jar
b1b76000-b1b79000 r--s 00013000 fc:00 15601127   /usr/share/eclipse/plugins/org.eclipse.core.runtime.compatibility_3.2.100.dist.jar
b1b79000-b1b7b000 r--s 00012000 fc:00 12193067   /usr/lib/eclipse/plugins/org.eclipse.equinox.app_1.3.100.dist.jar
b1b7b000-b1b7e000 ---p 00000000 00:00 0 
b1b7e000-b1bcc000 rw-p 00000000 00:00 0 
b1bcc000-b1bce000 r--s 00013000 fc:00 12193064   /usr/lib/eclipse/plugins/org.eclipse.core.jobs_3.5.101.dist.jar
b1bce000-b1bd1000 r--s 00018000 fc:00 12193072   /usr/lib/eclipse/plugins/org.eclipse.equinox.preferences_3.4.2.dist.jar
b1bd1000-b1bd4000 r--s 00028000 fc:00 12193073   /usr/lib/eclipse/plugins/org.eclipse.equinox.registry_3.5.101.dist.jar
b1bd4000-b1bd7000 ---p 00000000 00:00 0 
b1bd7000-b1c25000 rw-p 00000000 00:00 0 
b1c25000-b1c28000 ---p 00000000 00:00 0 
b1c28000-b1c76000 rw-p 00000000 00:00 0 
b1c76000-b1c79000 ---p 00000000 00:00 0 
b1c79000-b1cc7000 rw-p 00000000 00:00 0 
b1cc7000-b1cca000 ---p 00000000 00:00 0 
b1cca000-b1d18000 rw-p 00000000 00:00 0 
b1d18000-b1d1b000 ---p 00000000 00:00 0 
b1d1b000-b1d69000 rw-p 00000000 00:00 0 
b1d69000-b1d6c000 ---p 00000000 00:00 0 
b1d6c000-b1dba000 rw-p 00000000 00:00 0 
b1dba000-b1dbb000 ---p 00000000 00:00 0 
b1dbb000-b1e3b000 rw-p 00000000 00:00 0 
b1e3b000-b1e3e000 ---p 00000000 00:00 0 
b1e3e000-b1e8c000 rw-p 00000000 00:00 0 
b1e8c000-b1e8f000 ---p 00000000 00:00 0 
b1e8f000-b1f0d000 rw-p 00000000 00:00 0 
b1f0d000-b1f10000 ---p 00000000 00:00 0 
b1f10000-b1f5e000 rw-p 00000000 00:00 0 
b1f5e000-b1f61000 ---p 00000000 00:00 0 
b1f61000-b1faf000 rw-p 00000000 00:00 0 
b1faf000-b1fb2000 ---p 00000000 00:00 0 
b1fb2000-b2000000 rw-p 00000000 00:00 0 
b2000000-b2054000 rw-p 00000000 00:00 0 
b2054000-b2100000 ---p 00000000 00:00 0 
b2100000-b2101000 r--s 00000000 fc:00 15472771   /var/cache/fontconfig/b9d506c9ac06c20b433354fa67a72993-le32d4.cache-3
b2101000-b2103000 r--s 0000f000 fc:00 12193066   /usr/lib/eclipse/plugins/org.eclipse.core.runtime_3.7.0.dist.jar
b2103000-b2107000 r--s 0000d000 fc:00 12193054   /usr/lib/eclipse/plugins/org.eclipse.osgi.services_3.3.0.dist.jar
b2107000-b210a000 r--s 0000f000 fc:00 12193075   /usr/lib/eclipse/plugins/org.eclipse.equinox.util_1.0.300.dist.jar
b210a000-b210d000 r--s 0002b000 fc:00 12193069   /usr/lib/eclipse/plugins/org.eclipse.equinox.ds_1.3.1.dist.jar
b210d000-b2115000 r-xp 00000000 fc:00 15603695   /usr/lib/jvm/java-6-openjdk-i386/jre/lib/i386/libnio.so
b2115000-b2116000 r--p 00007000 fc:00 15603695   /usr/lib/jvm/java-6-openjdk-i386/jre/lib/i386/libnio.so
b2116000-b2117000 rw-p 00008000 fc:00 15603695   /usr/lib/jvm/java-6-openjdk-i386/jre/lib/i386/libnio.so
b2117000-b212c000 r-xp 00000000 fc:00 15603749   /usr/lib/jvm/java-6-openjdk-i386/jre/lib/i386/libnet.so
b212c000-b212d000 r--p 00014000 fc:00 15603749   /usr/lib/jvm/java-6-openjdk-i386/jre/lib/i386/libnet.so
b212d000-b212e000 rw-p 00015000 fc:00 15603749   /usr/lib/jvm/java-6-openjdk-i386/jre/lib/i386/libnet.so
b212e000-b2134000 r--s 000fc000 fc:00 15603677   /usr/lib/jvm/java-6-openjdk-common/jre/lib/resources.jar
b2134000-b2148000 r--s 00136000 fc:00 12193056   /usr/lib/eclipse/plugins/org.eclipse.osgi_3.7.2.dist.jar
b2148000-b2149000 ---p 00000000 00:00 0 
b2149000-b21fc000 rw-p 00000000 00:00 0 
b21fc000-b238f000 r--s 037db000 fc:00 15603760   /usr/lib/jvm/java-6-openjdk-i386/jre/lib/rt.jar
b238f000-b239d000 rw-p 00000000 00:00 0 
b239d000-b2410000 rw-p 00000000 00:00 0 
b2410000-b241e000 rw-p 00000000 00:00 0 
b241e000-b2491000 rw-p 00000000 00:00 0 
b2491000-b2498000 rw-p 00000000 00:00 0 
b2498000-b24d1000 rw-p 00000000 00:00 0 
b24d1000-b24df000 rw-p 00000000 00:00 0 
b24df000-b2551000 rw-p 00000000 00:00 0 
b2551000-b255f000 rw-p 00000000 00:00 0 
b255f000-b25d1000 rw-p 00000000 00:00 0 
b25d1000-b25e7000 rw-p 00000000 00:00 0 
b25e7000-b265d000 rw-p 00000000 00:00 0 
b265d000-b28ad000 rwxp 00000000 00:00 0 
b28ad000-b465d000 rw-p 00000000 00:00 0 
b465d000-b4683000 r-xp 00000000 fc:00 15603687   /usr/lib/jvm/java-6-openjdk-i386/jre/lib/i386/libjava.so
b4683000-b4684000 r--p 00025000 fc:00 15603687   /usr/lib/jvm/java-6-openjdk-i386/jre/lib/i386/libjava.so
b4684000-b4686000 rw-p 00026000 fc:00 15603687   /usr/lib/jvm/java-6-openjdk-i386/jre/lib/i386/libjava.so
b4686000-b46a2000 r-xp 00000000 fc:00 3015605    /lib/i386-linux-gnu/libgcc_s.so.1
b46a2000-b46a3000 r--p 0001b000 fc:00 3015605    /lib/i386-linux-gnu/libgcc_s.so.1
b46a3000-b46a4000 rw-p 0001c000 fc:00 3015605    /lib/i386-linux-gnu/libgcc_s.so.1
b46a4000-b477c000 r-xp 00000000 fc:00 11539405   /usr/lib/i386-linux-gnu/libstdc++.so.6.0.16
b477c000-b477d000 ---p 000d8000 fc:00 11539405   /usr/lib/i386-linux-gnu/libstdc++.so.6.0.16
b477d000-b4781000 r--p 000d8000 fc:00 11539405   /usr/lib/i386-linux-gnu/libstdc++.so.6.0.16
b4781000-b4782000 rw-p 000dc000 fc:00 11539405   /usr/lib/i386-linux-gnu/libstdc++.so.6.0.16
b4782000-b4789000 rw-p 00000000 00:00 0 
b4789000-b478a000 r--s 0000a000 fc:00 15601160   /usr/share/eclipse/plugins/org.eclipse.equinox.p2.reconciler.dropins_1.1.100.dist.jar
b478a000-b478d000 r--s 00016000 fc:00 12193068   /usr/lib/eclipse/plugins/org.eclipse.equinox.common_3.6.0.dist.jar
b478d000-b478e000 r--s 0000a000 fc:00 12193070   /usr/lib/eclipse/plugins/org.eclipse.equinox.launcher_1.2.0.dist.jar
b478e000-b4791000 r--s 00077000 fc:00 15603663   /usr/lib/jvm/java-6-openjdk-common/jre/lib/ext/localedata.jar
b4791000-b4795000 r--s 00039000 fc:00 15603660   /usr/lib/jvm/java-6-openjdk-common/jre/lib/ext/sunpkcs11.jar
b4795000-b4797000 r--s 00001000 fc:00 15603668   /usr/lib/jvm/java-6-openjdk-common/jre/lib/ext/dnsns.jar
b4797000-b479a000 r--s 00031000 fc:00 15603667   /usr/lib/jvm/java-6-openjdk-common/jre/lib/ext/sunjce_provider.jar
b479a000-b47a1000 r-xp 00000000 fc:00 15603697   /usr/lib/jvm/java-6-openjdk-i386/jre/lib/i386/libzip.so
b47a1000-b47a2000 r--p 00006000 fc:00 15603697   /usr/lib/jvm/java-6-openjdk-i386/jre/lib/i386/libzip.so
b47a2000-b47a3000 rw-p 00007000 fc:00 15603697   /usr/lib/jvm/java-6-openjdk-i386/jre/lib/i386/libzip.so
b47a3000-b4cb7000 r-xp 00000000 fc:00 15603715   /usr/lib/jvm/java-6-openjdk-i386/jre/lib/i386/client/libjvm.so
b4cb7000-b4cce000 r--p 00514000 fc:00 15603715   /usr/lib/jvm/java-6-openjdk-i386/jre/lib/i386/client/libjvm.so
b4cce000-b4cdb000 rw-p 0052b000 fc:00 15603715   /usr/lib/jvm/java-6-openjdk-i386/jre/lib/i386/client/libjvm.so
b4cdb000-b50f3000 rw-p 00000000 00:00 0 
b50f3000-b5153000 rw-s 00000000 00:04 2129921    /SYSV00000000 (deleted)
b5153000-b51b6000 rw-p 00000000 00:00 0 
b51b6000-b51d5000 r--s 00000000 fc:00 11928241   /usr/share/mime/mime.cache
b51d5000-b51fe000 r-xp 00000000 fc:00 11539446   /usr/lib/i386-linux-gnu/libvorbis.so.0.4.5
b51fe000-b51ff000 r--p 00028000 fc:00 11539446   /usr/lib/i386-linux-gnu/libvorbis.so.0.4.5
b51ff000-b5200000 rw-p 00029000 fc:00 11539446   /usr/lib/i386-linux-gnu/libvorbis.so.0.4.5
b5200000-b52b5000 rw-p 00000000 00:00 0 
b52b5000-b5300000 ---p 00000000 00:00 0 
b5300000-b5301000 r--s 00004000 fc:00 12193065   /usr/lib/eclipse/plugins/org.eclipse.core.runtime.compatibility.auth_3.2.200.dist.jar
b5301000-b5308000 rw-p 00000000 00:00 0 
b5308000-b5310000 rw-s 00000000 fc:00 9044046    /tmp/hsperfdata_magnus/3411
b5310000-b5316000 r-xp 00000000 fc:00 11539288   /usr/lib/i386-linux-gnu/libogg.so.0.7.1
b5316000-b5317000 r--p 00005000 fc:00 11539288   /usr/lib/i386-linux-gnu/libogg.so.0.7.1
b5317000-b5318000 rw-p 00006000 fc:00 11539288   /usr/lib/i386-linux-gnu/libogg.so.0.7.1
b5318000-b5320000 r-xp 00000000 fc:00 11539245   /usr/lib/i386-linux-gnu/libltdl.so.7.3.0
b5320000-b5321000 r--p 00008000 fc:00 11539245   /usr/lib/i386-linux-gnu/libltdl.so.7.3.0
b5321000-b5322000 rw-p 00009000 fc:00 11539245   /usr/lib/i386-linux-gnu/libltdl.so.7.3.0
b5322000-b5333000 r-xp 00000000 fc:00 11539413   /usr/lib/i386-linux-gnu/libtdb.so.1.2.9
b5333000-b5334000 r--p 00010000 fc:00 11539413   /usr/lib/i386-linux-gnu/libtdb.so.1.2.9
b5334000-b5335000 rw-p 00011000 fc:00 11539413   /usr/lib/i386-linux-gnu/libtdb.so.1.2.9
b5335000-b5336000 r--s 00001000 fc:00 15601126   /usr/share/eclipse/plugins/org.eclipse.core.runtime.compatibility.registry_3.5.0.dist/runtime_registry_compatibility.jar
b5336000-b533c000 rw-p 00000000 00:00 0 
b533c000-b5347000 r-xp 00000000 fc:00 15603733   /usr/lib/jvm/java-6-openjdk-i386/jre/lib/i386/libverify.so
b5347000-b5348000 ---p 0000b000 fc:00 15603733   /usr/lib/jvm/java-6-openjdk-i386/jre/lib/i386/libverify.so
b5348000-b5349000 r--p 0000b000 fc:00 15603733   /usr/lib/jvm/java-6-openjdk-i386/jre/lib/i386/libverify.so
b5349000-b534a000 rw-p 0000c000 fc:00 15603733   /usr/lib/jvm/java-6-openjdk-i386/jre/lib/i386/libverify.so
b534a000-b534d000 r-xp 00000000 fc:00 11539804   /usr/lib/i386-linux-gnu/gdk-pixbuf-2.0/2.10.0/loaders/libpixbufloader-bmp.so
b534d000-b534e000 r--p 00002000 fc:00 11539804   /usr/lib/i386-linux-gnu/gdk-pixbuf-2.0/2.10.0/loaders/libpixbufloader-bmp.so
b534e000-b534f000 rw-p 00003000 fc:00 11539804   /usr/lib/i386-linux-gnu/gdk-pixbuf-2.0/2.10.0/loaders/libpixbufloader-bmp.so
b534f000-b5396000 r-xp 00000000 fc:00 3015262    /lib/i386-linux-gnu/libdbus-1.so.3.5.8
b5396000-b5397000 r--p 00047000 fc:00 3015262    /lib/i386-linux-gnu/libdbus-1.so.3.5.8
b5397000-b5398000 rw-p 00048000 fc:00 3015262    /lib/i386-linux-gnu/libdbus-1.so.3.5.8
b5398000-b53b9000 r-xp 00000000 fc:00 11534350   /usr/lib/i386-linux-gnu/libatspi.so.0.0.1
b53b9000-b53ba000 r--p 00021000 fc:00 11534350   /usr/lib/i386-linux-gnu/libatspi.so.0.0.1
b53ba000-b53bb000 rw-p 00022000 fc:00 11534350   /usr/lib/i386-linux-gnu/libatspi.so.0.0.1
b53bb000-b53bd000 r--s 00008000 fc:00 12193074   /usr/lib/eclipse/plugins/org.eclipse.equinox.simpleconfigurator_1.0.200.dist.jar
b53bd000-b53cc000 r-xp 00000000 fc:00 11538983   /usr/lib/i386-linux-gnu/libcanberra.so.0.2.5
b53cc000-b53cd000 r--p 0000e000 fc:00 11538983   /usr/lib/i386-linux-gnu/libcanberra.so.0.2.5
b53cd000-b53ce000 rw-p 0000f000 fc:00 11538983   /usr/lib/i386-linux-gnu/libcanberra.so.0.2.5
b53ce000-b53d3000 r-xp 00000000 fc:00 11539981   /usr/lib/i386-linux-gnu/gtk-2.0/modules/libcanberra-gtk-module.so
b53d3000-b53d4000 r--p 00004000 fc:00 11539981   /usr/lib/i386-linux-gnu/gtk-2.0/modules/libcanberra-gtk-module.so
b53d4000-b53d5000 rw-p 00005000 fc:00 11539981   /usr/lib/i386-linux-gnu/gtk-2.0/modules/libcanberra-gtk-module.so
b53d5000-b53fd000 r-xp 00000000 fc:00 11539980   /usr/lib/i386-linux-gnu/gtk-2.0/modules/libatk-bridge.so
b53fd000-b53fe000 r--p 00028000 fc:00 11539980   /usr/lib/i386-linux-gnu/gtk-2.0/modules/libatk-bridge.so
b53fe000-b53ff000 rw-p 00029000 fc:00 11539980   /usr/lib/i386-linux-gnu/gtk-2.0/modules/libatk-bridge.so
b53ff000-b5400000 ---p 00000000 00:00 0 
b5400000-b5c00000 rw-p 00000000 00:00 0 
b5c00000-b5cf9000 rw-p 00000000 00:00 0 
b5cf9000-b5d00000 ---p 00000000 00:00 0 
b5d00000-b5d01000 r--s 00006000 fc:00 15601141   /usr/share/eclipse/plugins/org.eclipse.equinox.event_1.2.100.dist.jar
b5d01000-b5d09000 r-xp 00000000 fc:00 11539450   /usr/lib/i386-linux-gnu/libvorbisfile.so.3.3.4
b5d09000-b5d0a000 r--p 00007000 fc:00 11539450   /usr/lib/i386-linux-gnu/libvorbisfile.so.3.3.4
b5d0a000-b5d0b000 rw-p 00008000 fc:00 11539450   /usr/lib/i386-linux-gnu/libvorbisfile.so.3.3.4
b5d0b000-b5d0f000 r-xp 00000000 fc:00 11538979   /usr/lib/i386-linux-gnu/libcanberra-gtk.so.0.1.8
b5d0f000-b5d10000 r--p 00003000 fc:00 11538979   /usr/lib/i386-linux-gnu/libcanberra-gtk.so.0.1.8
b5d10000-b5d11000 rw-p 00004000 fc:00 11538979   /usr/lib/i386-linux-gnu/libcanberra-gtk.so.0.1.8
b5d11000-b5d17000 r-xp 00000000 fc:00 11539076   /usr/lib/i386-linux-gnu/libgailutil.so.18.0.1
b5d17000-b5d18000 r--p 00005000 fc:00 11539076   /usr/lib/i386-linux-gnu/libgailutil.so.18.0.1
b5d18000-b5d19000 rw-p 00006000 fc:00 11539076   /usr/lib/i386-linux-gnu/libgailutil.so.18.0.1
b5d19000-b5d67000 r-xp 00000000 fc:00 11539983   /usr/lib/i386-linux-gnu/gtk-2.0/modules/libgail.so
b5d67000-b5d68000 r--p 0004d000 fc:00 11539983   /usr/lib/i386-linux-gnu/gtk-2.0/modules/libgail.so
b5d68000-b5d69000 rw-p 0004e000 fc:00 11539983   /usr/lib/i386-linux-gnu/gtk-2.0/modules/libgail.so
b5d69000-b5d9e000 r-xp 00000000 fc:00 11539960   /usr/lib/i386-linux-gnu/gtk-2.0/2.10.0/engines/libmurrine.so
b5d9e000-b5d9f000 r--p 00034000 fc:00 11539960   /usr/lib/i386-linux-gnu/gtk-2.0/2.10.0/engines/libmurrine.so
b5d9f000-b5da0000 rw-p 00035000 fc:00 11539960   /usr/lib/i386-linux-gnu/gtk-2.0/2.10.0/engines/libmurrine.so
b5da0000-b5da1000 ---p 00000000 00:00 0 
b5da1000-b65a1000 rw-p 00000000 00:00 0 
b65a1000-b65a8000 r-xp 00000000 fc:00 11539030   /usr/lib/i386-linux-gnu/gio/modules/libdconfsettings.so
b65a8000-b65a9000 r--p 00006000 fc:00 11539030   /usr/lib/i386-linux-gnu/gio/modules/libdconfsettings.so
b65a9000-b65aa000 rw-p 00007000 fc:00 11539030   /usr/lib/i386-linux-gnu/gio/modules/libdconfsettings.so
b65aa000-b65d0000 r--p 00000000 fc:00 12453785   /usr/share/glib-2.0/schemas/gschemas.compiled
b65d0000-b65db000 r-xp 00000000 fc:00 3020245    /lib/i386-linux-gnu/libnss_files-2.15.so
b65db000-b65dc000 r--p 0000a000 fc:00 3020245    /lib/i386-linux-gnu/libnss_files-2.15.so
b65dc000-b65dd000 rw-p 0000b000 fc:00 3020245    /lib/i386-linux-gnu/libnss_files-2.15.so
b65dd000-b65e7000 r-xp 00000000 fc:00 3020249    /lib/i386-linux-gnu/libnss_nis-2.15.so
b65e7000-b65e8000 r--p 00009000 fc:00 3020249    /lib/i386-linux-gnu/libnss_nis-2.15.so
b65e8000-b65e9000 rw-p 0000a000 fc:00 3020249    /lib/i386-linux-gnu/libnss_nis-2.15.so
b65e9000-b65ff000 r-xp 00000000 fc:00 3020261    /lib/i386-linux-gnu/libnsl-2.15.so
b65ff000-b6600000 r--p 00015000 fc:00 3020261    /lib/i386-linux-gnu/libnsl-2.15.so
b6600000-b6601000 rw-p 00016000 fc:00 3020261    /lib/i386-linux-gnu/libnsl-2.15.so
b6601000-b6603000 rw-p 00000000 00:00 0 
b6603000-b660a000 r-xp 00000000 fc:00 3020243    /lib/i386-linux-gnu/libnss_compat-2.15.so
b660a000-b660b000 r--p 00006000 fc:00 3020243    /lib/i386-linux-gnu/libnss_compat-2.15.so
b660b000-b660c000 rw-p 00007000 fc:00 3020243    /lib/i386-linux-gnu/libnss_compat-2.15.so
b660c000-b6629000 r-xp 00000000 fc:00 11538937   /usr/lib/i386-linux-gnu/libatk-1.0.so.0.20409.1
b6629000-b662b000 r--p 0001c000 fc:00 11538937   /usr/lib/i386-linux-gnu/libatk-1.0.so.0.20409.1
b662b000-b662c000 rw-p 0001e000 fc:00 11538937   /usr/lib/i386-linux-gnu/libatk-1.0.so.0.20409.1
b662c000-b6a8c000 r-xp 00000000 fc:00 11539183   /usr/lib/i386-linux-gnu/libgtk-x11-2.0.so.0.2400.10
b6a8c000-b6a90000 r--p 00460000 fc:00 11539183   /usr/lib/i386-linux-gnu/libgtk-x11-2.0.so.0.2400.10
b6a90000-b6a92000 rw-p 00464000 fc:00 11539183   /usr/lib/i386-linux-gnu/libgtk-x11-2.0.so.0.2400.10
b6a92000-b6a94000 rw-p 00000000 00:00 0 
b6a94000-b6a99000 r-xp 00000000 fc:00 11538889   /usr/lib/i386-linux-gnu/libXdmcp.so.6.0.0
b6a99000-b6a9a000 r--p 00004000 fc:00 11538889   /usr/lib/i386-linux-gnu/libXdmcp.so.6.0.0
b6a9a000-b6a9b000 rw-p 00005000 fc:00 11538889   /usr/lib/i386-linux-gnu/libXdmcp.so.6.0.0
b6a9b000-b6a9d000 r-xp 00000000 fc:00 11538878   /usr/lib/i386-linux-gnu/libXau.so.6.0.0
b6a9d000-b6a9e000 r--p 00001000 fc:00 11538878   /usr/lib/i386-linux-gnu/libXau.so.6.0.0
b6a9e000-b6a9f000 rw-p 00002000 fc:00 11538878   /usr/lib/i386-linux-gnu/libXau.so.6.0.0
b6a9f000-b6abe000 r-xp 00000000 fc:00 11538504   /usr/lib/i386-linux-gnu/libxcb.so.1.1.0
b6abe000-b6abf000 r--p 0001f000 fc:00 11538504   /usr/lib/i386-linux-gnu/libxcb.so.1.1.0
b6abf000-b6ac0000 rw-p 00020000 fc:00 11538504   /usr/lib/i386-linux-gnu/libxcb.so.1.1.0
b6ac0000-b6ac8000 r-xp 00000000 fc:00 11540709   /usr/lib/i386-linux-gnu/libxcb-render.so.0.0.0
b6ac8000-b6ac9000 r--p 00008000 fc:00 11540709   /usr/lib/i386-linux-gnu/libxcb-render.so.0.0.0
b6ac9000-b6aca000 rw-p 00009000 fc:00 11540709   /usr/lib/i386-linux-gnu/libxcb-render.so.0.0.0
b6aca000-b6acc000 r-xp 00000000 fc:00 11540712   /usr/lib/i386-linux-gnu/libxcb-shm.so.0.0.0
b6acc000-b6acd000 r--p 00001000 fc:00 11540712   /usr/lib/i386-linux-gnu/libxcb-shm.so.0.0.0
b6acd000-b6ace000 rw-p 00002000 fc:00 11540712   /usr/lib/i386-linux-gnu/libxcb-shm.so.0.0.0
b6ace000-b6af6000 r-xp 00000000 fc:00 3015661    /lib/i386-linux-gnu/libpng12.so.0.46.0
b6af6000-b6af7000 r--p 00027000 fc:00 3015661    /lib/i386-linux-gnu/libpng12.so.0.46.0
b6af7000-b6af8000 rw-p 00028000 fc:00 3015661    /lib/i386-linux-gnu/libpng12.so.0.46.0
b6af8000-b6b8b000 r-xp 00000000 fc:00 11539320   /usr/lib/i386-linux-gnu/libpixman-1.so.0.24.4
b6b8b000-b6b8f000 r--p 00092000 fc:00 11539320   /usr/lib/i386-linux-gnu/libpixman-1.so.0.24.4
b6b8f000-b6b90000 rw-p 00096000 fc:00 11539320   /usr/lib/i386-linux-gnu/libpixman-1.so.0.24.4
b6b90000-b6bb6000 r-xp 00000000 fc:00 3015743    /lib/i386-linux-gnu/libexpat.so.1.5.2
b6bb6000-b6bb7000 ---p 00026000 fc:00 3015743    /lib/i386-linux-gnu/libexpat.so.1.5.2
b6bb7000-b6bb9000 r--p 00026000 fc:00 3015743    /lib/i386-linux-gnu/libexpat.so.1.5.2
b6bb9000-b6bba000 rw-p 00028000 fc:00 3015743    /lib/i386-linux-gnu/libexpat.so.1.5.2
b6bba000-b6bcd000 r-xp 00000000 fc:00 3020246    /lib/i386-linux-gnu/libresolv-2.15.so
b6bcd000-b6bce000 ---p 00013000 fc:00 3020246    /lib/i386-linux-gnu/libresolv-2.15.so
b6bce000-b6bcf000 r--p 00013000 fc:00 3020246    /lib/i386-linux-gnu/libresolv-2.15.so
b6bcf000-b6bd0000 rw-p 00014000 fc:00 3020246    /lib/i386-linux-gnu/libresolv-2.15.so
b6bd0000-b6bd2000 rw-p 00000000 00:00 0 
b6bd2000-b6bef000 r-xp 00000000 fc:00 3015672    /lib/i386-linux-gnu/libselinux.so.1
b6bef000-b6bf0000 r--p 0001c000 fc:00 3015672    /lib/i386-linux-gnu/libselinux.so.1
b6bf0000-b6bf1000 rw-p 0001d000 fc:00 3015672    /lib/i386-linux-gnu/libselinux.so.1
b6bf1000-b6c05000 r-xp 00000000 fc:00 3015695    /lib/i386-linux-gnu/libz.so.1.2.3.4
b6c05000-b6c06000 r--p 00013000 fc:00 3015695    /lib/i386-linux-gnu/libz.so.1.2.3.4
b6c06000-b6c07000 rw-p 00014000 fc:00 3015695    /lib/i386-linux-gnu/libz.so.1.2.3.4
b6c07000-b6c0a000 r-xp 00000000 fc:00 11537877   /usr/lib/i386-linux-gnu/libgmodule-2.0.so.0.3200.3
b6c0a000-b6c0b000 r--p 00002000 fc:00 11537877   /usr/lib/i386-linux-gnu/libgmodule-2.0.so.0.3200.3
b6c0b000-b6c0c000 rw-p 00003000 fc:00 11537877   /usr/lib/i386-linux-gnu/libgmodule-2.0.so.0.3200.3
b6c0c000-b6ca1000 r-xp 00000000 fc:00 11540486   /usr/lib/i386-linux-gnu/libfreetype.so.6.8.0
b6ca1000-b6ca5000 r--p 00094000 fc:00 11540486   /usr/lib/i386-linux-gnu/libfreetype.so.6.8.0
b6ca5000-b6ca6000 rw-p 00098000 fc:00 11540486   /usr/lib/i386-linux-gnu/libfreetype.so.6.8.0
b6ca6000-b6cd0000 r-xp 00000000 fc:00 11534617   /usr/lib/i386-linux-gnu/libpangoft2-1.0.so.0.3000.0
b6cd0000-b6cd1000 r--p 00029000 fc:00 11534617   /usr/lib/i386-linux-gnu/libpangoft2-1.0.so.0.3000.0
b6cd1000-b6cd2000 rw-p 0002a000 fc:00 11534617   /usr/lib/i386-linux-gnu/libpangoft2-1.0.so.0.3000.0
b6cd2000-b6cfc000 r-xp 00000000 fc:00 3020252    /lib/i386-linux-gnu/libm-2.15.so
b6cfc000-b6cfd000 r--p 00029000 fc:00 3020252    /lib/i386-linux-gnu/libm-2.15.so
b6cfd000-b6cfe000 rw-p 0002a000 fc:00 3020252    /lib/i386-linux-gnu/libm-2.15.so
b6cfe000-b6e2e000 r-xp 00000000 fc:00 11538876   /usr/lib/i386-linux-gnu/libX11.so.6.3.0
b6e2e000-b6e2f000 r--p 0012f000 fc:00 11538876   /usr/lib/i386-linux-gnu/libX11.so.6.3.0
b6e2f000-b6e31000 rw-p 00130000 fc:00 11538876   /usr/lib/i386-linux-gnu/libX11.so.6.3.0
b6e31000-b6e32000 rw-p 00000000 00:00 0 
b6e32000-b6ef9000 r-xp 00000000 fc:00 11534745   /usr/lib/i386-linux-gnu/libcairo.so.2.11000.2
b6ef9000-b6efa000 r--p 000c7000 fc:00 11534745   /usr/lib/i386-linux-gnu/libcairo.so.2.11000.2
b6efa000-b6efb000 rw-p 000c8000 fc:00 11534745   /usr/lib/i386-linux-gnu/libcairo.so.2.11000.2
b6efb000-b6efd000 rw-p 00000000 00:00 0 
b6efd000-b6f01000 r-xp 00000000 fc:00 11538893   /usr/lib/i386-linux-gnu/libXfixes.so.3.1.0
b6f01000-b6f02000 r--p 00004000 fc:00 11538893   /usr/lib/i386-linux-gnu/libXfixes.so.3.1.0
b6f02000-b6f03000 rw-p 00005000 fc:00 11538893   /usr/lib/i386-linux-gnu/libXfixes.so.3.1.0
b6f03000-b6f05000 r-xp 00000000 fc:00 11538887   /usr/lib/i386-linux-gnu/libXdamage.so.1.1.0
b6f05000-b6f06000 r--p 00001000 fc:00 11538887   /usr/lib/i386-linux-gnu/libXdamage.so.1.1.0
b6f06000-b6f07000 rw-p 00002000 fc:00 11538887   /usr/lib/i386-linux-gnu/libXdamage.so.1.1.0
b6f07000-b6f09000 r-xp 00000000 fc:00 11538883   /usr/lib/i386-linux-gnu/libXcomposite.so.1.0.0
b6f09000-b6f0a000 r--p 00001000 fc:00 11538883   /usr/lib/i386-linux-gnu/libXcomposite.so.1.0.0
b6f0a000-b6f0b000 rw-p 00002000 fc:00 11538883   /usr/lib/i386-linux-gnu/libXcomposite.so.1.0.0
b6f0b000-b6f14000 r-xp 00000000 fc:00 11538885   /usr/lib/i386-linux-gnu/libXcursor.so.1.0.2
b6f14000-b6f15000 r--p 00008000 fc:00 11538885   /usr/lib/i386-linux-gnu/libXcursor.so.1.0.2
b6f15000-b6f16000 rw-p 00009000 fc:00 11538885   /usr/lib/i386-linux-gnu/libXcursor.so.1.0.2
b6f16000-b6f1d000 r-xp 00000000 fc:00 11538453   /usr/lib/i386-linux-gnu/libXrandr.so.2.2.0
b6f1d000-b6f1e000 r--p 00006000 fc:00 11538453   /usr/lib/i386-linux-gnu/libXrandr.so.2.2.0
b6f1e000-b6f1f000 rw-p 00007000 fc:00 11538453   /usr/lib/i386-linux-gnu/libXrandr.so.2.2.0
b6f1f000-b6f2d000 r-xp 00000000 fc:00 11538897   /usr/lib/i386-linux-gnu/libXi.so.6.1.0
b6f2d000-b6f2e000 r--p 0000d000 fc:00 11538897   /usr/lib/i386-linux-gnu/libXi.so.6.1.0
b6f2e000-b6f2f000 rw-p 0000e000 fc:00 11538897   /usr/lib/i386-linux-gnu/libXi.so.6.1.0
b6f2f000-b6f31000 r-xp 00000000 fc:00 11538899   /usr/lib/i386-linux-gnu/libXinerama.so.1.0.0
b6f31000-b6f32000 r--p 00001000 fc:00 11538899   /usr/lib/i386-linux-gnu/libXinerama.so.1.0.0
b6f32000-b6f33000 rw-p 00002000 fc:00 11538899   /usr/lib/i386-linux-gnu/libXinerama.so.1.0.0
b6f33000-b6f3b000 r-xp 00000000 fc:00 11538911   /usr/lib/i386-linux-gnu/libXrender.so.1.3.0
b6f3b000-b6f3c000 r--p 00007000 fc:00 11538911   /usr/lib/i386-linux-gnu/libXrender.so.1.3.0
b6f3c000-b6f3d000 rw-p 00008000 fc:00 11538911   /usr/lib/i386-linux-gnu/libXrender.so.1.3.0
b6f3d000-b6f4d000 r-xp 00000000 fc:00 11538891   /usr/lib/i386-linux-gnu/libXext.so.6.4.0
b6f4d000-b6f4e000 r--p 0000f000 fc:00 11538891   /usr/lib/i386-linux-gnu/libXext.so.6.4.0
b6f4e000-b6f4f000 rw-p 00010000 fc:00 11538891   /usr/lib/i386-linux-gnu/libXext.so.6.4.0
b6f4f000-b6f81000 r-xp 00000000 fc:00 11534707   /usr/lib/i386-linux-gnu/libfontconfig.so.1.4.4
b6f81000-b6f82000 r--p 00032000 fc:00 11534707   /usr/lib/i386-linux-gnu/libfontconfig.so.1.4.4
b6f82000-b6f83000 rw-p 00033000 fc:00 11534707   /usr/lib/i386-linux-gnu/libfontconfig.so.1.4.4
b6f83000-b70d6000 r-xp 00000000 fc:00 11537875   /usr/lib/i386-linux-gnu/libgio-2.0.so.0.3200.3
b70d6000-b70d8000 r--p 00153000 fc:00 11537875   /usr/lib/i386-linux-gnu/libgio-2.0.so.0.3200.3
b70d8000-b70d9000 rw-p 00155000 fc:00 11537875   /usr/lib/i386-linux-gnu/libgio-2.0.so.0.3200.3
b70d9000-b70da000 rw-p 00000000 00:00 0 
b70da000-b70f9000 r-xp 00000000 fc:00 11539090   /usr/lib/i386-linux-gnu/libgdk_pixbuf-2.0.so.0.2600.1
b70f9000-b70fa000 r--p 0001e000 fc:00 11539090   /usr/lib/i386-linux-gnu/libgdk_pixbuf-2.0.so.0.2600.1
b70fa000-b70fb000 rw-p 0001f000 fc:00 11539090   /usr/lib/i386-linux-gnu/libgdk_pixbuf-2.0.so.0.2600.1
b70fb000-b7142000 r-xp 00000000 fc:00 11534614   /usr/lib/i386-linux-gnu/libpango-1.0.so.0.3000.0
b7142000-b7143000 ---p 00047000 fc:00 11534614   /usr/lib/i386-linux-gnu/libpango-1.0.so.0.3000.0
b7143000-b7144000 r--p 00047000 fc:00 11534614   /usr/lib/i386-linux-gnu/libpango-1.0.so.0.3000.0
b7144000-b7145000 rw-p 00048000 fc:00 11534614   /usr/lib/i386-linux-gnu/libpango-1.0.so.0.3000.0
b7145000-b7150000 r-xp 00000000 fc:00 11534616   /usr/lib/i386-linux-gnu/libpangocairo-1.0.so.0.3000.0
b7150000-b7151000 r--p 0000a000 fc:00 11534616   /usr/lib/i386-linux-gnu/libpangocairo-1.0.so.0.3000.0
b7151000-b7152000 rw-p 0000b000 fc:00 11534616   /usr/lib/i386-linux-gnu/libpangocairo-1.0.so.0.3000.0
b7152000-b71fd000 r-xp 00000000 fc:00 11539088   /usr/lib/i386-linux-gnu/libgdk-x11-2.0.so.0.2400.10
b71fd000-b71fe000 ---p 000ab000 fc:00 11539088   /usr/lib/i386-linux-gnu/libgdk-x11-2.0.so.0.2400.10
b71fe000-b7200000 r--p 000ab000 fc:00 11539088   /usr/lib/i386-linux-gnu/libgdk-x11-2.0.so.0.2400.10
b7200000-b7201000 rw-p 000ad000 fc:00 11539088   /usr/lib/i386-linux-gnu/libgdk-x11-2.0.so.0.2400.10
b7201000-b7208000 r-xp 00000000 fc:00 3020248    /lib/i386-linux-gnu/librt-2.15.so
b7208000-b7209000 r--p 00006000 fc:00 3020248    /lib/i386-linux-gnu/librt-2.15.so
b7209000-b720a000 rw-p 00007000 fc:00 3020248    /lib/i386-linux-gnu/librt-2.15.so
b720a000-b7244000 r-xp 00000000 fc:00 3015657    /lib/i386-linux-gnu/libpcre.so.3.12.1
b7244000-b7245000 r--p 00039000 fc:00 3015657    /lib/i386-linux-gnu/libpcre.so.3.12.1
b7245000-b7246000 rw-p 0003a000 fc:00 3015657    /lib/i386-linux-gnu/libpcre.so.3.12.1
b7246000-b733d000 r-xp 00000000 fc:00 3018463    /lib/i386-linux-gnu/libglib-2.0.so.0.3200.3
b733d000-b733e000 r--p 000f6000 fc:00 3018463    /lib/i386-linux-gnu/libglib-2.0.so.0.3200.3
b733e000-b733f000 rw-p 000f7000 fc:00 3018463    /lib/i386-linux-gnu/libglib-2.0.so.0.3200.3
b733f000-b738c000 r-xp 00000000 fc:00 11537879   /usr/lib/i386-linux-gnu/libgobject-2.0.so.0.3200.3
b738c000-b738d000 r--p 0004c000 fc:00 11537879   /usr/lib/i386-linux-gnu/libgobject-2.0.so.0.3200.3
b738d000-b738e000 rw-p 0004d000 fc:00 11537879   /usr/lib/i386-linux-gnu/libgobject-2.0.so.0.3200.3
b738e000-b738f000 r--s 00007000 fc:00 11938027   /usr/share/java/java-atk-wrapper.jar
b738f000-b7391000 r--s 0000f000 fc:00 15603669   /usr/lib/jvm/java-6-openjdk-common/jre/lib/ext/pulse-java.jar
b7391000-b7392000 rw-p 00000000 00:00 0 
b7392000-b7396000 r--p 00000000 fc:00 27265907   /home/magnus/.config/dconf/user
b7396000-b73a6000 r-xp 00000000 fc:00 11537181   /usr/lib/liboverlay-scrollbar-0.2.so.0.0.16
b73a6000-b73a7000 r--p 0000f000 fc:00 11537181   /usr/lib/liboverlay-scrollbar-0.2.so.0.0.16
b73a7000-b73a8000 rw-p 00010000 fc:00 11537181   /usr/lib/liboverlay-scrollbar-0.2.so.0.0.16
b73a8000-b75a8000 r--p 00000000 fc:00 11541088   /usr/lib/locale/locale-archive
b75a8000-b75a9000 rw-p 00000000 00:00 0 
b75a9000-b774c000 r-xp 00000000 fc:00 3020241    /lib/i386-linux-gnu/libc-2.15.so
b774c000-b774e000 r--p 001a3000 fc:00 3020241    /lib/i386-linux-gnu/libc-2.15.so
b774e000-b774f000 rw-p 001a5000 fc:00 3020241    /lib/i386-linux-gnu/libc-2.15.so
b774f000-b7753000 rw-p 00000000 00:00 0 
b7753000-b7756000 r-xp 00000000 fc:00 3020256    /lib/i386-linux-gnu/libdl-2.15.so
b7756000-b7757000 r--p 00002000 fc:00 3020256    /lib/i386-linux-gnu/libdl-2.15.so
b7757000-b7758000 rw-p 00003000 fc:00 3020256    /lib/i386-linux-gnu/libdl-2.15.so
b7758000-b776f000 r-xp 00000000 fc:00 3020250    /lib/i386-linux-gnu/libpthread-2.15.so
b776f000-b7770000 r--p 00016000 fc:00 3020250    /lib/i386-linux-gnu/libpthread-2.15.so
b7770000-b7771000 rw-p 00017000 fc:00 3020250    /lib/i386-linux-gnu/libpthread-2.15.so
b7771000-b7773000 rw-p 00000000 00:00 0 
b7773000-b7774000 r--p 00000000 00:00 0 
b7774000-b7775000 r--s 00000000 fc:00 27265908   /home/magnus/.cache/dconf/user
b7775000-b777a000 r-xp 00000000 fc:00 11539063   /usr/lib/i386-linux-gnu/libffi.so.6.0.0
b777a000-b777b000 r--p 00004000 fc:00 11539063   /usr/lib/i386-linux-gnu/libffi.so.6.0.0
b777b000-b777c000 rw-p 00005000 fc:00 11539063   /usr/lib/i386-linux-gnu/libffi.so.6.0.0
b777c000-b778a000 r-xp 00000000 fc:00 15728666   /usr/lib/eclipse/plugins/org.eclipse.equinox.launcher.gtk.linux.x86_1.1.100.dist/eclipse_1408.so
b778a000-b778b000 r--p 0000d000 fc:00 15728666   /usr/lib/eclipse/plugins/org.eclipse.equinox.launcher.gtk.linux.x86_1.1.100.dist/eclipse_1408.so
b778b000-b778c000 rw-p 0000e000 fc:00 15728666   /usr/lib/eclipse/plugins/org.eclipse.equinox.launcher.gtk.linux.x86_1.1.100.dist/eclipse_1408.so
b778c000-b778d000 r--p 005e0000 fc:00 11541088   /usr/lib/locale/locale-archive
b778d000-b778f000 rw-p 00000000 00:00 0 
b778f000-b7790000 r-xp 00000000 00:00 0          [vdso]
b7790000-b77b0000 r-xp 00000000 fc:00 3020253    /lib/i386-linux-gnu/ld-2.15.so
b77b0000-b77b1000 r--p 0001f000 fc:00 3020253    /lib/i386-linux-gnu/ld-2.15.so
b77b1000-b77b2000 rw-p 00020000 fc:00 3020253    /lib/i386-linux-gnu/ld-2.15.so
bff38000-bff3b000 ---p 00000000 00:00 0 
bff3c000-bff88000 rw-p 00000000 00:00 0          [stack]

VM Arguments:
jvm_args: -Xms40m -Xmx384m -Dorg.eclipse.equinox.p2.reconciler.dropins.directory=/usr/share/eclipse/dropins -XX:MaxPermSize=256m 
java_command: <unknown>
Launcher Type: generic

Environment Variables:
PATH=/bin:/usr/bin:/usr/X11R6/bin:/usr/local/bin
LD_LIBRARY_PATH=/usr/lib/jvm/java-6-openjdk-i386/jre/lib/i386/client:/usr/lib/jvm/java-6-openjdk-i386/jre/lib/i386:
SHELL=/bin/bash
DISPLAY=:10.0

Signal Handlers:
SIGSEGV: [libjvm.so+0x3e46d0], sa_mask[0]=0x7ffbfeff, sa_flags=0x10000004
SIGBUS: [libjvm.so+0x3e46d0], sa_mask[0]=0x7ffbfeff, sa_flags=0x10000004
SIGFPE: [libjvm.so+0x3017a0], sa_mask[0]=0x7ffbfeff, sa_flags=0x10000004
SIGPIPE: SIG_IGN, sa_mask[0]=0x00001000, sa_flags=0x10000000
SIGXFSZ: [libjvm.so+0x3017a0], sa_mask[0]=0x7ffbfeff, sa_flags=0x10000004
SIGILL: [libjvm.so+0x3017a0], sa_mask[0]=0x7ffbfeff, sa_flags=0x10000004
SIGUSR1: SIG_DFL, sa_mask[0]=0x00000000, sa_flags=0x00000000
SIGUSR2: [libjvm.so+0x301630], sa_mask[0]=0x00000000, sa_flags=0x10000004
SIGHUP: [libjvm.so+0x3045c0], sa_mask[0]=0x7ffbfeff, sa_flags=0x10000004
SIGINT: [libjvm.so+0x3045c0], sa_mask[0]=0x7ffbfeff, sa_flags=0x10000004
SIGTERM: [libjvm.so+0x3045c0], sa_mask[0]=0x7ffbfeff, sa_flags=0x10000004
SIGQUIT: [libjvm.so+0x3045c0], sa_mask[0]=0x7ffbfeff, sa_flags=0x10000004


---------------  S Y S T E M  ---------------

OS:Ubuntu 12.04 (precise)
uname:Linux 3.2.0-41-generic-pae #66-Ubuntu SMP Thu Apr 25 03:50:20 UTC 2013 i686
libc:glibc 2.15 NPTL 2.15 
rlimit: STACK 8192k, CORE 0k, NPROC 31521, NOFILE 4096, AS infinity
load average:0.49 0.28 0.22

/proc/meminfo:
MemTotal:        4054940 kB
MemFree:         2584988 kB
Buffers:          202604 kB
Cached:           702640 kB
SwapCached:            0 kB
Active:           739812 kB
Inactive:         591700 kB
Active(anon):     427208 kB
Inactive(anon):     1348 kB
Active(file):     312604 kB
Inactive(file):   590352 kB
Unevictable:          16 kB
Mlocked:              16 kB
HighTotal:       3213652 kB
HighFree:        2057848 kB
LowTotal:         841288 kB
LowFree:          527140 kB
SwapTotal:       6153928 kB
SwapFree:        6153928 kB
Dirty:               336 kB
Writeback:             0 kB
AnonPages:        426496 kB
Mapped:           139732 kB
Shmem:              2240 kB
Slab:              93440 kB
SReclaimable:      76848 kB
SUnreclaim:        16592 kB
KernelStack:        3496 kB
PageTables:         8632 kB
NFS_Unstable:          0 kB
Bounce:                0 kB
WritebackTmp:          0 kB
CommitLimit:     8181396 kB
Committed_AS:    2590884 kB
VmallocTotal:     122880 kB
VmallocUsed:       58352 kB
VmallocChunk:      31284 kB
HardwareCorrupted:     0 kB
AnonHugePages:         0 kB
HugePages_Total:       0
HugePages_Free:        0
HugePages_Rsvd:        0
HugePages_Surp:        0
Hugepagesize:       2048 kB
DirectMap4k:       20472 kB
DirectMap2M:      892928 kB


CPU:total 2 (2 cores per cpu, 1 threads per core) family 6 model 15 stepping 6, cmov, cx8, fxsr, mmx, sse, sse2, sse3, ssse3

Memory: 4k page, physical 4054940k(2584988k free), swap 6153928k(6153928k free)

vm_info: OpenJDK Client VM (20.0-b12) for linux-x86 JRE (1.6.0_27-b27), built on Apr 25 2013 15:01:00 by "buildd" with gcc 4.6.3

time: Thu May  9 16:19:49 2013
elapsed time: 15 seconds

