Output: gmms/A.gmm
running ML optimiser
mog.get_means() = 
{[518.673 948.559 2263.064]}
mog.get_diag_covs() = 
{[13721.365 27027.907 323229.421]}
mog.get_weights() = 
[1.000]

mog.avg_log_lhood(X) = -20.466
Output: gmms/AO.gmm
running ML optimiser
mog.get_means() = 
{[572.817 1053.567 1965.491]}
mog.get_diag_covs() = 
{[25234.067 174847.292 181920.457]}
mog.get_weights() = 
[1.000]

mog.avg_log_lhood(X) = -21.416
Output: gmms/I.gmm
running ML optimiser
mog.get_means() = 
{[271.744 1297.378 2589.848]}
mog.get_diag_covs() = 
{[2872.413 628419.098 272099.379]}
mog.get_weights() = 
[1.000]

mog.avg_log_lhood(X) = -21.171
Output: gmms/O.gmm
running ML optimiser
mog.get_means() = 
{[308.897 743.976 2110.101]}
mog.get_diag_covs() = 
{[1866.186 1611.459 31377.131]}
mog.get_weights() = 
[1.000]

mog.avg_log_lhood(X) = -16.892
